<?xml version="1.0" encoding="UTF-8" ?>
<testsuite tests="4" failures="0" name="org.addai_poku.jeybank.classes.BranchTest" time="0" errors="0" skipped="0">
  <properties>
[...]
</properties>
  <testcase classname="org.addai_poku.jeybank.classes.BranchTest" name="getName" time="0"/>
  <testcase classname="org.addai_poku.jeybank.classes.BranchTest" name="addCustomerTransaction" time="0"/>
  <testcase classname="org.addai_poku.jeybank.classes.BranchTest" name="getCustomers" time="0"/>
  <testcase classname="org.addai_poku.jeybank.classes.BranchTest" name="newCustomer" time="0"/>
</testsuite>